============================= test session starts =============================
platform win32 -- Python 3.12.13, pytest-9.1.1, pluggy-1.6.0 -- C:\Users\L\AppData\Roaming\open-webui\python\python.exe
rootdir: D:\Project\OS
plugins: anyio-4.15.1, langsmith-0.12.2
collecting ... collected 74 items

tests/test_action_parser.py::test_single_fenced_action PASSED            [  1%]
tests/test_action_parser.py::test_multiple_actions_in_order PASSED       [  2%]
tests/test_action_parser.py::test_prose_only_returns_none PASSED         [  4%]
tests/test_action_parser.py::test_repaired_json_single_quotes PASSED     [  5%]
tests/test_action_parser.py::test_bare_json_action PASSED                [  6%]
tests/test_action_parser.py::test_message_only_becomes_chat PASSED       [  8%]
tests/test_action_parser.py::test_missing_required_raises PASSED         [  9%]
tests/test_action_parser.py::test_unknown_type_preserved PASSED          [ 10%]
tests/test_action_parser.py::test_empty_input_returns_none PASSED        [ 12%]
tests/test_action_parser.py::test_action_to_text PASSED                  [ 13%]
tests/test_executor.py::test_echo_builtin PASSED                         [ 14%]
tests/test_executor.py::test_python_version_runs PASSED                  [ 16%]
tests/test_executor.py::test_injection_blocked PASSED                    [ 17%]
tests/test_executor.py::test_cd_escape_blocked PASSED                    [ 18%]
tests/test_executor.py::test_empty_command_error PASSED                  [ 20%]
tests/test_executor.py::test_supervisor_deny PASSED                      [ 21%]
tests/test_executor.py::test_dry_run_not_executed PASSED                 [ 22%]
tests/test_executor.py::test_audit_log_written PASSED                    [ 24%]
tests/test_filesystem.py::test_write_read_roundtrip PASSED               [ 25%]
tests/test_filesystem.py::test_traversal_blocked PASSED                  [ 27%]
tests/test_filesystem.py::test_absolute_escape_blocked PASSED            [ 28%]
tests/test_filesystem.py::test_ext_dotdot_normalizes_inside PASSED       [ 29%]
tests/test_filesystem.py::test_edit_and_append PASSED                    [ 31%]
tests/test_filesystem.py::test_delete PASSED                             [ 32%]
tests/test_filesystem.py::test_delete_workspace_root_refused PASSED      [ 33%]
tests/test_filesystem.py::test_list_shows_files PASSED                   [ 35%]
tests/test_memory.py::test_add_and_retrieve PASSED                       [ 36%]
tests/test_memory.py::test_history_capped PASSED                         [ 37%]
tests/test_memory.py::test_summarization_triggered PASSED                [ 39%]
tests/test_memory.py::test_context_includes_summary PASSED               [ 40%]
tests/test_memory.py::test_store_and_recall_fact PASSED                  [ 41%]
tests/test_memory.py::test_recall_missing_returns_none PASSED            [ 43%]
tests/test_memory.py::test_decision_log PASSED                           [ 44%]
tests/test_memory.py::test_clear_history PASSED                          [ 45%]
tests/test_memory.py::test_facts_with_tags PASSED                        [ 47%]
tests/test_skill_manager.py::test_loads_skill PASSED                     [ 48%]
tests/test_skill_manager.py::test_parse_params PASSED                    [ 50%]
tests/test_skill_manager.py::test_execute_skill PASSED                   [ 51%]
tests/test_skill_manager.py::test_missing_param_rejected PASSED          [ 52%]
tests/test_skill_manager.py::test_unknown_skill_rejected PASSED          [ 54%]
tests/test_skill_manager.py::test_no_code_skill_returns_llm_driven PASSED [ 55%]
tests/test_skill_manager.py::test_describe_all PASSED                    [ 56%]
tests/test_skill_manager.py::test_corrupted_skill_skipped PASSED         [ 58%]
tests/test_supervisor.py::test_auto_allows PASSED                        [ 59%]
tests/test_supervisor.py::test_deny_blocks PASSED                        [ 60%]
tests/test_supervisor.py::test_auto_allow_list PASSED                    [ 62%]
tests/test_supervisor.py::test_always_deny_rm_rf PASSED                  [ 63%]
tests/test_supervisor.py::test_dry_run_flag PASSED                       [ 64%]
tests/test_supervisor.py::test_audit_trail PASSED                        [ 66%]
tests/test_supervisor.py::test_approval_callback PASSED                  [ 67%]
tests/test_supervisor.py::test_invalid_mode_defaults_to_ask PASSED       [ 68%]
tests/test_supervisor.py::test_unknown_category_defaults PASSED          [ 70%]
tests/test_utils.py::test_safe_join_inside PASSED                        [ 71%]
tests/test_utils.py::test_safe_join_blocks_dotdot PASSED                 [ 72%]
tests/test_utils.py::test_safe_join_blocks_absolute PASSED               [ 74%]
tests/test_utils.py::test_is_within_true PASSED                          [ 75%]
tests/test_utils.py::test_is_within_false PASSED                         [ 77%]
tests/test_utils.py::test_ensure_within_raises PASSED                    [ 78%]
tests/test_utils.py::test_strip_filler_preserves_query PASSED            [ 79%]
tests/test_utils.py::test_strip_filler_basic PASSED                      [ 81%]
tests/test_utils.py::test_strip_filler_hey_jarvis PASSED                 [ 82%]
tests/test_utils.py::test_strip_filler_empty PASSED                      [ 83%]
tests/test_utils.py::test_strip_filler_short_preserves PASSED            [ 85%]
tests/test_utils.py::test_repair_json_single_quotes PASSED               [ 86%]
tests/test_utils.py::test_repair_json_trailing_comma PASSED              [ 87%]
tests/test_utils.py::test_repair_json_fenced PASSED                      [ 89%]
tests/test_utils.py::test_repair_json_unquoted_keys PASSED               [ 90%]
tests/test_utils.py::test_parse_json_lenient_invalid PASSED              [ 91%]
tests/test_utils.py::test_sanitize_clean PASSED                          [ 93%]
tests/test_utils.py::test_sanitize_rejects_semicolon PASSED              [ 94%]
tests/test_utils.py::test_sanitize_rejects_pipe PASSED                   [ 95%]
tests/test_utils.py::test_sanitize_rejects_backtick PASSED               [ 97%]
tests/test_utils.py::test_sanitize_rejects_empty PASSED                  [ 98%]
tests/test_utils.py::test_normalize_name PASSED                          [100%]

============================= 74 passed in 11.83s =============================

===== STDERR =====
